{
  "RSpec": {
    "coverage": {
      "/home/allisunflower/tic-tac-toe-rb-online-web-sp-000/lib/tic_tac_toe.rb": [
        null,
        null,
        1,
        13,
        13,
        13,
        13,
        13,
        13,
        13,
        13,
        13,
        null,
        null,
        null,
        null,
        null,
        1,
        12,
        null,
        null,
        null,
        1,
        11,
        null,
        null,
        null,
        1,
        15,
        11,
        4,
        0,
        4,
        4,
        null,
        null,
        null,
        null,
        1,
        null,
        12,
        9,
        3,
        2,
        1,
        1,
        null,
        null,
        null,
        null,
        1,
        null,
        11,
        11,
        null,
        11,
        null,
        11,
        null,
        null,
        null,
        1,
        10,
        10,
        null,
        0,
        null,
        null,
        null,
        1,
        null,
        9,
        null,
        9,
        null,
        9,
        null,
        null,
        9,
        null,
        null,
        9,
        8,
        8,
        null,
        null,
        null,
        1,
        null,
        null,
        null,
        null,
        null,
        null,
        1,
        null,
        null,
        null,
        null,
        null,
        null,
        null,
        null,
        null,
        null,
        1,
        84,
        6,
        null,
        null,
        null,
        78,
        null,
        78,
        494,
        494,
        18,
        476,
        8,
        468,
        52,
        null,
        null,
        null,
        null,
        null,
        null,
        1,
        31,
        19,
        null,
        12,
        null,
        null,
        null,
        null,
        null,
        1,
        22,
        15,
        null,
        7,
        null,
        null,
        null,
        null,
        1,
        null,
        13,
        3,
        null,
        10,
        1,
        null,
        9,
        5,
        null,
        4,
        3,
        null,
        null,
        null,
        null,
        1,
        null,
        6,
        null,
        6,
        null,
        null,
        5,
        3,
        2,
        2,
        null,
        null,
        null,
        null,
        null,
        1,
        null,
        12,
        7,
        7,
        0,
        7,
        1,
        6,
        4,
        null,
        null,
        null,
        12,
        4,
        8,
        2,
        null,
        null,
        null,
        null,
        null,
        null,
        null,
        null,
        null,
        null,
        null,
        null,
        null,
        null,
        null,
        null,
        null,
        null,
        null,
        null,
        null,
        null,
        null,
        null,
        null,
        null,
        null,
        null,
        null,
        null,
        null,
        null,
        null,
        null,
        null,
        null,
        null,
        null,
        null,
        null,
        null,
        null,
        null,
        null,
        null,
        null,
        null,
        null,
        null,
        null,
        null,
        null,
        null,
        null,
        null,
        null,
        null,
        null,
        null,
        null,
        null,
        null,
        null,
        null,
        null,
        null,
        null,
        null,
        null,
        null,
        null,
        null
      ]
    },
    "timestamp": 1595963282
  }
}
