{
  "RSpec": {
    "coverage": {
      "/home/allisunflower/tic-tac-toe-rb-online-web-sp-000/lib/tic_tac_toe.rb": [
        null,
        null,
        1,
        13,
        13,
        13,
        13,
        13,
        13,
        13,
        13,
        13,
        null,
        null,
        null,
        null,
        null,
        1,
        12,
        null,
        null,
        null,
        1,
        11,
        null,
        null,
        null,
        1,
        15,
        11,
        4,
        0,
        4,
        4,
        null,
        null,
        null,
        null,
        1,
        null,
        12,
        9,
        3,
        2,
        1,
        1,
        null,
        null,
        null,
        null,
        1,
        null,
        11,
        11,
        null,
        11,
        null,
        11,
        null,
        null,
        null,
        1,
        10,
        10,
        null,
        0,
        null,
        null,
        null,
        1,
        null,
        12,
        null,
        12,
        null,
        9,
        null,
        null,
        9,
        null,
        null,
        9,
        8,
        8,
        null,
        null,
        null,
        1,
        null,
        null,
        null,
        null,
        null,
        null,
        1,
        null,
        null,
        null,
        null,
        null,
        null,
        null,
        null,
        null,
        null,
        1,
        34,
        0,
        null,
        null,
        null,
        34,
        null,
        34,
        237,
        237,
        8,
        229,
        3,
        226,
        23,
        null,
        null,
        null,
        null,
        null,
        null,
        1,
        14,
        8,
        null,
        6,
        null,
        null,
        null,
        null,
        null,
        1,
        12,
        9,
        null,
        3,
        null,
        null,
        null,
        null,
        1,
        null,
        3,
        0,
        null,
        3,
        1,
        null,
        2,
        1,
        null,
        1,
        1,
        null,
        null,
        null,
        null,
        1,
        null,
        3,
        null,
        3,
        null,
        null,
        2,
        1,
        1,
        1,
        null,
        null,
        null,
        null,
        null,
        1,
        12,
        null,
        null,
        null,
        null,
        7,
        0,
        7,
        0,
        null,
        null,
        null,
        null,
        null,
        null,
        null,
        null,
        null,
        null,
        null,
        null,
        null,
        null,
        null,
        null,
        null,
        null,
        null,
        null,
        null,
        null,
        null,
        null,
        null,
        null,
        null,
        null,
        null,
        null,
        null,
        null,
        null,
        null,
        null,
        null,
        null,
        null,
        null,
        null,
        null,
        null,
        null,
        null,
        null,
        null,
        null,
        null,
        null,
        null,
        null,
        null,
        null,
        null,
        null,
        null,
        null,
        null,
        null,
        null,
        null,
        null,
        null,
        null,
        null,
        null,
        null,
        null,
        null,
        null,
        null,
        null
      ]
    },
    "timestamp": 1595961686
  }
}
